c:\users\alber\documents\github\cpts-122-checkers\checkers\battleship\battleship\x64\debug\qt\uic\ui_battleship.h
c:\users\alber\documents\github\cpts-122-checkers\checkers\battleship\battleship\x64\debug\qt\rcc\qrc_battleship.cpp
c:\users\alber\documents\github\cpts-122-checkers\checkers\battleship\battleship\x64\debug\qt\moc\moc_battleship.cpp
c:\users\seo05\onedrive\desktop\sy\cpts_122\pa\cpts-122-checkers\checkers\battleship\battleship\x64\debug\qt\uic\ui_battleship.h
c:\users\seo05\onedrive\desktop\sy\cpts_122\pa\cpts-122-checkers\checkers\battleship\battleship\x64\debug\qt\rcc\qrc_battleship.cpp
c:\users\seo05\onedrive\desktop\sy\cpts_122\pa\cpts-122-checkers\checkers\battleship\battleship\x64\debug\qt\moc\moc_battleship.cpp
c:\users\seo05\onedrive\desktop\sy\cpts_122\pa\cpts-122-checkers\checkers\battleship\battleship\x64\debug\tile.obj
c:\users\seo05\onedrive\desktop\sy\cpts_122\pa\cpts-122-checkers\checkers\battleship\battleship\x64\debug\ship.obj
c:\users\seo05\onedrive\desktop\sy\cpts_122\pa\cpts-122-checkers\checkers\battleship\battleship\x64\debug\battleship.obj
c:\users\seo05\onedrive\desktop\sy\cpts_122\pa\cpts-122-checkers\checkers\battleship\battleship\x64\debug\main.obj
c:\users\seo05\onedrive\desktop\sy\cpts_122\pa\cpts-122-checkers\checkers\battleship\battleship\x64\debug\vc143.pdb
c:\users\seo05\onedrive\desktop\sy\cpts_122\pa\cpts-122-checkers\checkers\battleship\battleship\x64\debug\vc143.idb
c:\users\seo05\onedrive\desktop\sy\cpts_122\pa\cpts-122-checkers\checkers\battleship\battleship\x64\debug\qrc_battleship.obj
c:\users\seo05\onedrive\desktop\sy\cpts_122\pa\cpts-122-checkers\checkers\battleship\battleship\x64\debug\moc_battleship.obj
c:\users\seo05\onedrive\desktop\sy\cpts_122\pa\cpts-122-checkers\checkers\battleship\x64\debug\battleship.exe
c:\users\seo05\onedrive\desktop\sy\cpts_122\pa\cpts-122-checkers\checkers\battleship\x64\debug\battleship.pdb
c:\users\alber\documents\github\cpts-122-checkers\checkers\battleship\battleship\x64\debug\battleship.obj
c:\users\alber\documents\github\cpts-122-checkers\checkers\battleship\battleship\x64\debug\main.obj
c:\users\alber\documents\github\cpts-122-checkers\checkers\battleship\battleship\x64\debug\moc_battleship.obj
c:\users\alber\documents\github\cpts-122-checkers\checkers\battleship\battleship\x64\debug\qrc_battleship.obj
c:\users\alber\documents\github\cpts-122-checkers\checkers\battleship\battleship\x64\debug\ship.obj
c:\users\alber\documents\github\cpts-122-checkers\checkers\battleship\battleship\x64\debug\tile.obj
c:\users\alber\documents\github\cpts-122-checkers\checkers\battleship\battleship\x64\debug\battleship.ilk
c:\users\alber\documents\github\cpts-122-checkers\checkers\battleship\battleship\x64\debug\vc143.idb
c:\users\alber\documents\github\cpts-122-checkers\checkers\battleship\battleship\x64\debug\vc143.pdb
c:\users\alber\documents\github\cpts-122-checkers\checkers\battleship\x64\debug\battleship.pdb
c:\users\alber\documents\github\cpts-122-checkers\checkers\battleship\x64\debug\battleship.exe
c:\users\alber\documents\github\cpts-122-checkers\checkers\battleship\battleship\x64\debug\battleship.tlog\battleship.write.1u.tlog
c:\users\alber\documents\github\cpts-122-checkers\checkers\battleship\battleship\x64\debug\battleship.tlog\cl.command.1.tlog
c:\users\alber\documents\github\cpts-122-checkers\checkers\battleship\battleship\x64\debug\battleship.tlog\cl.items.tlog
c:\users\alber\documents\github\cpts-122-checkers\checkers\battleship\battleship\x64\debug\battleship.tlog\cl.read.1.tlog
c:\users\alber\documents\github\cpts-122-checkers\checkers\battleship\battleship\x64\debug\battleship.tlog\cl.write.1.tlog
c:\users\alber\documents\github\cpts-122-checkers\checkers\battleship\battleship\x64\debug\battleship.tlog\link.command.1.tlog
c:\users\alber\documents\github\cpts-122-checkers\checkers\battleship\battleship\x64\debug\battleship.tlog\link.read.1.tlog
c:\users\alber\documents\github\cpts-122-checkers\checkers\battleship\battleship\x64\debug\battleship.tlog\link.secondary.1.tlog
c:\users\alber\documents\github\cpts-122-checkers\checkers\battleship\battleship\x64\debug\battleship.tlog\link.write.1.tlog
c:\users\alber\documents\github\cpts-122-checkers\checkers\battleship\battleship\x64\debug\battleship.tlog\moc.read.1u.tlog
c:\users\alber\documents\github\cpts-122-checkers\checkers\battleship\battleship\x64\debug\battleship.tlog\moc.write.1u.tlog
